<?xml version="1.0" encoding="UTF-8"?>

<mule xmlns="http://www.mulesoft.org/schema/mule/core" 
	xmlns:doc="http://www.mulesoft.org/schema/mule/documentation" 
	xmlns:spring="http://www.springframework.org/schema/beans" 
	xmlns:sfdc="http://www.mulesoft.org/schema/mule/sfdc" 
	xmlns:core="http://www.mulesoft.org/schema/mule/core" 
	xmlns:xsi="http://www.w3.org/2001/XMLSchema-instance" 
	xsi:schemaLocation="http://www.springframework.org/schema/beans http://www.springframework.org/schema/beans/spring-beans-current.xsd
http://www.mulesoft.org/schema/mule/sfdc http://www.mulesoft.org/schema/mule/sfdc/current/mule-sfdc.xsd
http://www.mulesoft.org/schema/mule/core http://www.mulesoft.org/schema/mule/core/current/mule.xsd">
    <sfdc:config name="TestSalesforceA" username="${test.sfdc.a.username}" password="${test.sfdc.a.password}" securityToken="${test.sfdc.a.securityToken}" url="${test.sfdc.a.url}" doc:name="Salesforce" doc:description="One of your SalesForce instances, order does not matter." disableSessionInvalidation="true">
        <sfdc:connection-pooling-profile initialisationPolicy="INITIALISE_ONE" exhaustedAction="WHEN_EXHAUSTED_GROW"/>
    </sfdc:config>
    <sfdc:config name="TestSalesforceB" username="${test.sfdc.b.username}" password="${test.sfdc.b.password}" securityToken="${test.sfdc.b.securityToken}" url="${test.sfdc.b.url}" doc:name="Salesforce" doc:description="Your other SalesForce instances, order does not matter." disableSessionInvalidation="true">
        <sfdc:connection-pooling-profile initialisationPolicy="INITIALISE_ONE" exhaustedAction="WHEN_EXHAUSTED_GROW"/>
    </sfdc:config>
    <sub-flow name="createAccountInAFlow">
        <sfdc:create config-ref="TestSalesforceA" type="Account" doc:name="Create Account in A">
            <sfdc:objects ref="#[payload]"/>
        </sfdc:create>
        <logger message="Create Accounts in A result: #[payload]" level="INFO" doc:name="Logger"/>
    </sub-flow>
    <sub-flow name="createAccountInBFlow">
        <sfdc:create config-ref="TestSalesforceB" type="Account" doc:name="Create Account in B">
            <sfdc:objects ref="#[payload]"/>
        </sfdc:create>
        <logger message="Create Accounts in B result: #[payload]" level="INFO" doc:name="Logger"/>
    </sub-flow>
    <sub-flow name="createOpportunityInAFlow">
        <sfdc:create config-ref="TestSalesforceA" type="Opportunity" doc:name="Create Opportunity in A">
            <sfdc:objects ref="#[payload]"/>
        </sfdc:create>
        <logger message="Create Opportunities in A result: #[payload]" level="INFO" doc:name="Logger"/>
    </sub-flow>
    <sub-flow name="createOpportunityInBFlow">
        <sfdc:create config-ref="TestSalesforceB" type="Opportunity" doc:name="Create Opportunity in B">
            <sfdc:objects ref="#[payload]"/>
        </sfdc:create>
        <logger message="Create Opportunities in B result: #[payload]" level="INFO" doc:name="Logger"/>
    </sub-flow>
    <sub-flow name="queryOpportunityFromAFlow">
        <sfdc:query-single config-ref="SalesforceA" query="SELECT Name, Amount, StageName, Probability, CloseDate, Account.Name FROM Opportunity WHERE Name = '#[payload.Name]'" doc:name="Retrieve Opportunity from instance A"/>
        <logger message="Query Opportunities from A result: #[payload]" level="INFO" doc:name="Logger"/>
    </sub-flow>
    <sub-flow name="queryOpportunityFromBFlow">
        <sfdc:query-single config-ref="SalesforceB" query="SELECT Id, Name, Amount, StageName, Probability, CloseDate, Account.Name FROM Opportunity WHERE Name = '#[payload.Name]'" doc:name="Retrieve Opportunity from instance B"/>
        <logger message="Query Opportunities from B result: #[payload]" level="INFO" doc:name="Logger"/>
    </sub-flow>
    <sub-flow name="deleteOpportunityFromAFlow">
        <sfdc:delete config-ref="SalesforceA" doc:name="Delete Opportunity from instance A">
            <sfdc:ids ref="#[payload]"/>
        </sfdc:delete>
        <logger message="Remove Opportunities from A result: #[payload]" level="INFO" doc:name="Logger"/>
    </sub-flow>
    <sub-flow name="deleteOpportunityFromBFlow">
        <sfdc:delete config-ref="SalesforceB" doc:name="Delete Opportunity from instance B">
            <sfdc:ids ref="#[payload]"/>
        </sfdc:delete>
        <logger message="Remove Opportunities from B result: #[payload]" level="INFO" doc:name="Logger"/>
    </sub-flow>
    <sub-flow name="deleteAccountFromAFlow">
        <sfdc:delete config-ref="TestSalesforceA" doc:name="Delete Account From instance A">
            <sfdc:ids ref="#[payload]"/>
        </sfdc:delete>
        <logger message="Remove Accounts from A result: #[payload]" level="INFO" doc:name="Logger"/>
    </sub-flow>
    <sub-flow name="deleteAccountFromBFlow">
        <sfdc:delete config-ref="TestSalesforceB" doc:name="Delete Account From instance B">
            <sfdc:ids ref="#[payload]"/>
        </sfdc:delete>
        <logger message="Remove Accounts from A result: #[payload]" level="INFO" doc:name="Logger"/>
    </sub-flow>
</mule>
